<html>
<head>
<title>TestNG:  Default test</title>
<link href="../testng.css" rel="stylesheet" type="text/css" />
<link href="../my-testng.css" rel="stylesheet" type="text/css" />

<style type="text/css">
.log { display: none;} 
.stack-trace { display: none;} 
</style>
<script type="text/javascript">
<!--
function flip(e) {
  current = e.style.display;
  if (current == 'block') {
    e.style.display = 'none';
    return 0;
  }
  else {
    e.style.display = 'block';
    return 1;
  }
}

function toggleBox(szDivId, elem, msg1, msg2)
{
  var res = -1;  if (document.getElementById) {
    res = flip(document.getElementById(szDivId));
  }
  else if (document.all) {
    // this is the way old msie versions work
    res = flip(document.all[szDivId]);
  }
  if(elem) {
    if(res == 0) elem.innerHTML = msg1; else elem.innerHTML = msg2;
  }

}

function toggleAllBoxes() {
  if (document.getElementsByTagName) {
    d = document.getElementsByTagName('div');
    for (i = 0; i < d.length; i++) {
      if (d[i].className == 'log') {
        flip(d[i]);
      }
    }
  }
}

// -->
</script>

</head>
<body>
<h2 align='center'>Default test</h2><table border='1' align="center">
<tr>
<td>Tests passed/Failed/Skipped:</td><td>4/1/0</td>
</tr><tr>
<td>Started on:</td><td>Mon Aug 16 11:03:08 PDT 2021</td>
</tr>
<tr><td>Total time:</td><td>72 seconds (72057 ms)</td>
</tr><tr>
<td>Included groups:</td><td></td>
</tr><tr>
<td>Excluded groups:</td><td></td>
</tr>
</table><p/>
<small><i>(Hover the method name to see the test class name)</i></small><p/>
<table width='100%' border='1' class='invocation-failed'>
<tr><td colspan='4' align='center'><b>FAILED TESTS</b></td></tr>
<tr><td><b>Test method</b></td>
<td width="30%"><b>Exception</b></td>
<td width="10%"><b>Time (seconds)</b></td>
<td><b>Instance</b></td>
</tr>
<tr>
<td title='MySerenityTestRunner.runScenario()'><b>runScenario</b><br>Test class: MySerenityTestRunner<br>Test method: Runs Cucumber Scenarios<br>Parameters: "", "Optional[Account Page feature]"</td>
<td><div><pre>org.openqa.selenium.TimeoutException: Expected condition failed: waiting for com.gap.pages.LoginPage$$Lambda$1009/0x0000000800fac2e8@28866600 (tried for 20 second(s) with 500 milliseconds interval)
Build info: version: &apos;3.141.59&apos;, revision: &apos;e82be7d358&apos;, time: &apos;2018-11-14T08:17:03&apos;
System info: host: &apos;LNAR-5CG009107N&apos;, ip: &apos;192.168.1.175&apos;, os.name: &apos;Windows 10&apos;, os.arch: &apos;amd64&apos;, os.version: &apos;10.0&apos;, java.version: &apos;15&apos;
Driver info: org.openqa.selenium.chrome.ChromeDriver
Capabilities {acceptInsecureCerts: false, browserName: chrome, browserVersion: 92.0.4515.131, chrome: {chromedriverVersion: 92.0.4515.107 (87a818b10553..., userDataDir: C:\Users\deearya\AppData\Lo...}, goog:chromeOptions: {debuggerAddress: localhost:62352}, javascriptEnabled: true, networkConnectionEnabled: false, pageLoadStrategy: normal, platform: WINDOWS, platformName: WINDOWS, proxy: Proxy(), setWindowRect: true, strictFileInteractability: false, timeouts: {implicit: 0, pageLoad: 300000, script: 30000}, unhandledPromptBehavior: dismiss and notify, webauthn:extension:credBlob: true, webauthn:extension:largeBlob: true, webauthn:virtualAuthenticators: true}
Session ID: dc2cc524d0cd8a25aa67e44e60b7e98e
	at org.openqa.selenium.support.ui.WebDriverWait.timeoutException(WebDriverWait.java:95)
	at org.openqa.selenium.support.ui.FluentWait.until(FluentWait.java:272)
	at com.gap.pages.LoginPage.clickOnPopUpClose(LoginPage.java:39)
	at com.gap.pages.LoginPage.doLogin(LoginPage.java:99)
	at parallel.AccountPageSteps.user_has_already_logged_into_the_application(AccountPageSteps.java:31)
	at ?.user has already logged into the application(classpath:parallel/AccountPage.feature:4)
</pre></div><a href='#' onClick='toggleBox("stack-trace994430526", this, "Click to show all stack frames", "Click to hide stack frames")'>Click to show all stack frames</a>
<div class='stack-trace' id='stack-trace994430526'><pre>org.openqa.selenium.TimeoutException: Expected condition failed: waiting for com.gap.pages.LoginPage$$Lambda$1009/0x0000000800fac2e8@28866600 (tried for 20 second(s) with 500 milliseconds interval)
Build info: version: &apos;3.141.59&apos;, revision: &apos;e82be7d358&apos;, time: &apos;2018-11-14T08:17:03&apos;
System info: host: &apos;LNAR-5CG009107N&apos;, ip: &apos;192.168.1.175&apos;, os.name: &apos;Windows 10&apos;, os.arch: &apos;amd64&apos;, os.version: &apos;10.0&apos;, java.version: &apos;15&apos;
Driver info: org.openqa.selenium.chrome.ChromeDriver
Capabilities {acceptInsecureCerts: false, browserName: chrome, browserVersion: 92.0.4515.131, chrome: {chromedriverVersion: 92.0.4515.107 (87a818b10553..., userDataDir: C:\Users\deearya\AppData\Lo...}, goog:chromeOptions: {debuggerAddress: localhost:62352}, javascriptEnabled: true, networkConnectionEnabled: false, pageLoadStrategy: normal, platform: WINDOWS, platformName: WINDOWS, proxy: Proxy(), setWindowRect: true, strictFileInteractability: false, timeouts: {implicit: 0, pageLoad: 300000, script: 30000}, unhandledPromptBehavior: dismiss and notify, webauthn:extension:credBlob: true, webauthn:extension:largeBlob: true, webauthn:virtualAuthenticators: true}
Session ID: dc2cc524d0cd8a25aa67e44e60b7e98e
	at org.openqa.selenium.support.ui.WebDriverWait.timeoutException(WebDriverWait.java:95)
	at org.openqa.selenium.support.ui.FluentWait.until(FluentWait.java:272)
	at com.gap.pages.LoginPage.clickOnPopUpClose(LoginPage.java:39)
	at com.gap.pages.LoginPage.doLogin(LoginPage.java:99)
	at parallel.AccountPageSteps.user_has_already_logged_into_the_application(AccountPageSteps.java:31)
	at ?.user has already logged into the application(classpath:parallel/AccountPage.feature:4)
</pre></div></td>
<td>68</td>
<td>MySerenityTestRunner@49912c99</td></tr>
</table><p>
<table width='100%' border='1' class='invocation-passed'>
<tr><td colspan='4' align='center'><b>PASSED TESTS</b></td></tr>
<tr><td><b>Test method</b></td>
<td width="30%"><b>Exception</b></td>
<td width="10%"><b>Time (seconds)</b></td>
<td><b>Instance</b></td>
</tr>
<tr>
<td title='MySerenityTestRunner.runScenario()'><b>runScenario</b><br>Test class: MySerenityTestRunner<br>Test method: Runs Cucumber Scenarios<br>Parameters: "Login Page Title", "Optional[Login Page feature]"</td>
<td></td>
<td>48</td>
<td>MySerenityTestRunner@49912c99</td></tr>
<tr>
<td title='MySerenityTestRunner.runScenario()'><b>runScenario</b><br>Test class: MySerenityTestRunner<br>Test method: Runs Cucumber Scenarios<br>Parameters: "Account Page Title", "Optional[Account Page feature]"</td>
<td></td>
<td>64</td>
<td>MySerenityTestRunner@49912c99</td></tr>
<tr>
<td title='MySerenityTestRunner.runScenario()'><b>runScenario</b><br>Test class: MySerenityTestRunner<br>Test method: Runs Cucumber Scenarios<br>Parameters: "Login to Application using different set of data", "Optional[Login Page feature]"</td>
<td></td>
<td>66</td>
<td>MySerenityTestRunner@49912c99</td></tr>
<tr>
<td title='MySerenityTestRunner.runScenario()'><b>runScenario</b><br>Test class: MySerenityTestRunner<br>Test method: Runs Cucumber Scenarios<br>Parameters: "Login to Application using different set of data", "Optional[Login Page feature]"</td>
<td></td>
<td>65</td>
<td>MySerenityTestRunner@49912c99</td></tr>
</table><p>
</body>
</html>