<?xml version="1.0" encoding="UTF-8"?>
<!-- Generated by org.testng.reporters.JUnitReportReporter -->
<testsuite hostname="LNAR-5CG009107N" failures="0" tests="5" name="MySerenityTestRunner" time="312.888" errors="1" timestamp="2021-08-16T11:04:21 PDT" skipped="0">
  <testcase classname="MySerenityTestRunner" name="runScenario" time="48.198"/>
  <system-out/>
  <testcase classname="MySerenityTestRunner" name="runScenario" time="64.182"/>
  <system-out/>
  <testcase classname="MySerenityTestRunner" name="runScenario" time="68.839">
    <error message="Expected condition failed: waiting for com.gap.pages.LoginPage$$Lambda$1009/0x0000000800fac2e8@28866600 (tried for 20 second(s) with 500 milliseconds interval)
Build info: version: &#039;3.141.59&#039;, revision: &#039;e82be7d358&#039;, time: &#039;2018-11-14T08:17:03&#039;
System info: host: &#039;LNAR-5CG009107N&#039;, ip: &#039;192.168.1.175&#039;, os.name: &#039;Windows 10&#039;, os.arch: &#039;amd64&#039;, os.version: &#039;10.0&#039;, java.version: &#039;15&#039;
Driver info: org.openqa.selenium.chrome.ChromeDriver
Capabilities {acceptInsecureCerts: false, browserName: chrome, browserVersion: 92.0.4515.131, chrome: {chromedriverVersion: 92.0.4515.107 (87a818b10553..., userDataDir: C:\Users\deearya\AppData\Lo...}, goog:chromeOptions: {debuggerAddress: localhost:62352}, javascriptEnabled: true, networkConnectionEnabled: false, pageLoadStrategy: normal, platform: WINDOWS, platformName: WINDOWS, proxy: Proxy(), setWindowRect: true, strictFileInteractability: false, timeouts: {implicit: 0, pageLoad: 300000, script: 30000}, unhandledPromptBehavior: dismiss and notify, webauthn:extension:credBlob: true, webauthn:extension:largeBlob: true, webauthn:virtualAuthenticators: true}
Session ID: dc2cc524d0cd8a25aa67e44e60b7e98e" type="org.openqa.selenium.TimeoutException">
      <![CDATA[org.openqa.selenium.TimeoutException: Expected condition failed: waiting for com.gap.pages.LoginPage$$Lambda$1009/0x0000000800fac2e8@28866600 (tried for 20 second(s) with 500 milliseconds interval)
Build info: version: '3.141.59', revision: 'e82be7d358', time: '2018-11-14T08:17:03'
System info: host: 'LNAR-5CG009107N', ip: '192.168.1.175', os.name: 'Windows 10', os.arch: 'amd64', os.version: '10.0', java.version: '15'
Driver info: org.openqa.selenium.chrome.ChromeDriver
Capabilities {acceptInsecureCerts: false, browserName: chrome, browserVersion: 92.0.4515.131, chrome: {chromedriverVersion: 92.0.4515.107 (87a818b10553..., userDataDir: C:\Users\deearya\AppData\Lo...}, goog:chromeOptions: {debuggerAddress: localhost:62352}, javascriptEnabled: true, networkConnectionEnabled: false, pageLoadStrategy: normal, platform: WINDOWS, platformName: WINDOWS, proxy: Proxy(), setWindowRect: true, strictFileInteractability: false, timeouts: {implicit: 0, pageLoad: 300000, script: 30000}, unhandledPromptBehavior: dismiss and notify, webauthn:extension:credBlob: true, webauthn:extension:largeBlob: true, webauthn:virtualAuthenticators: true}
Session ID: dc2cc524d0cd8a25aa67e44e60b7e98e
at org.openqa.selenium.support.ui.WebDriverWait.timeoutException(WebDriverWait.java:95)
at org.openqa.selenium.support.ui.FluentWait.until(FluentWait.java:272)
at com.gap.pages.LoginPage.clickOnPopUpClose(LoginPage.java:39)
at com.gap.pages.LoginPage.doLogin(LoginPage.java:99)
at parallel.AccountPageSteps.user_has_already_logged_into_the_application(AccountPageSteps.java:31)
at âœ½.user has already logged into the application(classpath:parallel/AccountPage.feature:4)
]]>
    </error>
  </testcase> <!-- runScenario -->
  <system-out/>
  <testcase classname="MySerenityTestRunner" name="runScenario" time="66.608"/>
  <system-out/>
  <testcase classname="MySerenityTestRunner" name="runScenario" time="65.061"/>
  <system-out/>
</testsuite> <!-- MySerenityTestRunner -->
